Arguments: 
  C:\Program Files\nodejs\node.exe C:\Program Files (x86)\Yarn\bin\yarn.js unoconv

PATH: 
  C:\oraclexe\app\oracle\product\11.2.0\server\bin;C:\ProgramData\Oracle\Java\javapath;C:\Program Files (x86)\Intel\iCLS Client\;C:\Program Files\Intel\iCLS Client\;C:\WINDOWS\system32;C:\WINDOWS;C:\WINDOWS\System32\Wbem;C:\WINDOWS\System32\WindowsPowerShell\v1.0\;C:\Program Files (x86)\Intel\Intel(R) Management Engine Components\DAL;C:\Program Files\Intel\Intel(R) Management Engine Components\DAL;C:\Program Files (x86)\Intel\Intel(R) Management Engine Components\IPT;C:\Program Files\Intel\Intel(R) Management Engine Components\IPT;C:\Program Files\Common Files\Autodesk Shared\;C:\Program Files (x86)\Autodesk\Backburner\;C:\Program Files\Microsoft SQL Server\130\Tools\Binn\;C:\Program Files\dotnet\;C:\Program Files (x86)\GtkSharp\2.12\bin;C:\Program Files\nodejs\;C:\Program Files\Git\cmd;C:\Program Files (x86)\Windows Kits\10\Windows Performance Toolkit\;C:\Program Files (x86)\Microsoft SQL Server\Client SDK\ODBC\130\Tools\Binn\;C:\Program Files (x86)\Microsoft SQL Server\140\Tools\Binn\;C:\Program Files (x86)\Microsoft SQL Server\140\DTS\Binn\;C:\Program Files (x86)\Microsoft SQL Server\140\Tools\Binn\ManagementStudio\;C:\Program Files\Microsoft SQL Server\Client SDK\ODBC\130\Tools\Binn\;C:\Program Files\Microsoft SQL Server\140\Tools\Binn\;C:\Program Files\Microsoft SQL Server\140\DTS\Binn\;C:\Program Files\PuTTY\;C:\Users\Shen\AppData\Roaming\npm;C:\Program Files (x86)\Yarn\bin\;C:\WINDOWS\System32\OpenSSH\;C:\Program Files\Intel\WiFi\bin\;C:\Program Files\Common Files\Intel\WirelessCommon\;C:\Program Files\OpenSSH\bin;C:\Users\Shen\AppData\Local\Microsoft\WindowsApps\;C:\Users\Shen\AppData\Roaming\npm;C:\Users\Shen\AppData\Roaming\MongoDB Compass Community;C:\Users\Shen\AppData\Local\atom\bin;C:\Users\Shen\AppData\Local\Microsoft\WindowsApps;C:\xampp\apache\apache-maven-3.5.3\bin;C:\Users\Shen\AppData\Local\Yarn\bin;C:\Users\Shen\AppData\Local\Programs\Python\Python36-32;C:\Users\Shen\AppData\Local\Programs\Python\Python36-32\Scripts;C:\Users\Shen\AppData\Roaming\Python\Python36\Scripts;C:\OpenSSL\bin;

Yarn version: 
  1.5.1

Node version: 
  9.2.1

Platform: 
  win32 x64

npm manifest: 
  {
    "name": "tekweld portal",
    "version": "0.0.0",
    "license": "MIT",
    "scripts": {
      "ng": "ng",
      "start": "ng serve",
      "build": "ng build",
      "test": "ng test",
      "lint": "ng lint",
      "e2e": "ng e2e"
    },
    "private": true,
    "dependencies": {
      "@angular/animations": "^5.2.9",
      "@angular/cdk": "^5.2.4",
      "@angular/common": "5.2.9",
      "@angular/compiler": "5.2.9",
      "@angular/core": "5.2.9",
      "@angular/forms": "5.2.9",
      "@angular/material": "^5.2.4",
      "@angular/platform-browser": "5.2.9",
      "@angular/platform-browser-dynamic": "5.2.9",
      "@angular/router": "5.2.9",
      "@nebular/theme": "^2.0.0-rc.6",
      "@ng-bootstrap/ng-bootstrap": "^1.1.1",
      "@types/jquery": "^3.3.1",
      "angular-bootstrap-md": "^5.2.3",
      "angular-ui-bootstrap": "^2.5.6",
      "bootstrap": "^3.3.7",
      "core-js": "^2.4.1",
      "font-awesome": "^4.7.0",
      "jquery": "^3.3.1",
      "jspdf": "^1.3.5",
      "ng-sidebar": "^7.2.1",
      "ng2-pdf-viewer": "^5.0.1",
      "ngx-bootstrap": "^2.0.3",
      "ngx-image-zoom": "^0.3.1",
      "ngx-soap": "^0.2.2-beta6",
      "rxjs": "^5.5.2",
      "zone.js": "^0.8.14"
    },
    "devDependencies": {
      "@angular/cli": "^1.7.3",
      "@angular/compiler-cli": "5.2.9",
      "@angular/language-service": "5.2.9",
      "@types/jasmine": "~2.5.53",
      "@types/jasminewd2": "~2.0.2",
      "@types/node": "~6.0.60",
      "angular-ide": "^0.9.39",
      "codelyzer": "^4.0.1",
      "jasmine-core": "~2.6.2",
      "jasmine-spec-reporter": "~4.1.0",
      "karma": "~1.7.0",
      "karma-chrome-launcher": "~2.1.1",
      "karma-cli": "~1.0.1",
      "karma-coverage-istanbul-reporter": "^1.2.1",
      "karma-jasmine": "~1.1.0",
      "karma-jasmine-html-reporter": "^0.2.2",
      "protractor": "~5.1.2",
      "ts-node": "~3.2.0",
      "tslint": "~5.7.0",
      "typescript": "~2.4.2"
    }
  }

yarn manifest: 
  No manifest

Lockfile: 
  No lockfile

Trace: 
  Error: package.json: Name contains illegal characters
      at new MessageError (C:\Program Files (x86)\Yarn\lib\cli.js:186:110)
      at module.exports.exports.default (C:\Program Files (x86)\Yarn\lib\cli.js:37549:13)
      at C:\Program Files (x86)\Yarn\lib\cli.js:52434:51
      at Generator.next (<anonymous>)
      at step (C:\Program Files (x86)\Yarn\lib\cli.js:98:30)
      at C:\Program Files (x86)\Yarn\lib\cli.js:109:13
      at <anonymous>
